Starting a Gradle Daemon, 13 busy and 20 stopped Daemons could not be reused, use --status for details
> Task :compileJava UP-TO-DATE
> Task :processResources UP-TO-DATE
> Task :classes UP-TO-DATE
> Task :resolveMainClassName UP-TO-DATE

> Task :bootRun

  .   ____          _            __ _ _
 /\\ / ___'_ __ _ _(_)_ __  __ _ \ \ \ \
( ( )\___ | '_ | '_| | '_ \/ _` | \ \ \ \
 \\/  ___)| |_)| | | | | || (_| |  ) ) ) )
  '  |____| .__|_| |_|_| |_\__, | / / / /
 =========|_|==============|___/=/_/_/_/

 :: Spring Boot ::                (v3.5.7)

2025-12-07T19:06:43.776+05:30  INFO 452093 --- [admin-service] [           main] com.example.admin.AdminApplication       : Starting AdminApplication using Java 21.0.9 with PID 452093 (/mnt/newstorage/IIITB/5th semester/SE/Final Project/OnCampus-Deals/backend/Admin/build/classes/java/main started by krish in /mnt/newstorage/IIITB/5th semester/SE/Final Project/OnCampus-Deals/backend/Admin)
2025-12-07T19:06:43.778+05:30  INFO 452093 --- [admin-service] [           main] com.example.admin.AdminApplication       : No active profile set, falling back to 1 default profile: "default"
2025-12-07T19:06:44.281+05:30  INFO 452093 --- [admin-service] [           main] .s.d.r.c.RepositoryConfigurationDelegate : Bootstrapping Spring Data JPA repositories in DEFAULT mode.
2025-12-07T19:06:44.342+05:30  INFO 452093 --- [admin-service] [           main] .s.d.r.c.RepositoryConfigurationDelegate : Finished Spring Data repository scanning in 51 ms. Found 1 JPA repository interface.
2025-12-07T19:06:44.769+05:30  INFO 452093 --- [admin-service] [           main] o.s.b.w.embedded.tomcat.TomcatWebServer  : Tomcat initialized with port 8085 (http)
2025-12-07T19:06:44.792+05:30  INFO 452093 --- [admin-service] [           main] o.apache.catalina.core.StandardService   : Starting service [Tomcat]
2025-12-07T19:06:44.792+05:30  INFO 452093 --- [admin-service] [           main] o.apache.catalina.core.StandardEngine    : Starting Servlet engine: [Apache Tomcat/10.1.48]
2025-12-07T19:06:44.828+05:30  INFO 452093 --- [admin-service] [           main] o.a.c.c.C.[Tomcat].[localhost].[/]       : Initializing Spring embedded WebApplicationContext
2025-12-07T19:06:44.829+05:30  INFO 452093 --- [admin-service] [           main] w.s.c.ServletWebServerApplicationContext : Root WebApplicationContext: initialization completed in 1019 ms
2025-12-07T19:06:44.939+05:30  INFO 452093 --- [admin-service] [           main] o.hibernate.jpa.internal.util.LogHelper  : HHH000204: Processing PersistenceUnitInfo [name: default]
2025-12-07T19:06:44.970+05:30  INFO 452093 --- [admin-service] [           main] org.hibernate.Version                    : HHH000412: Hibernate ORM core version 6.6.33.Final
2025-12-07T19:06:44.995+05:30  INFO 452093 --- [admin-service] [           main] o.h.c.internal.RegionFactoryInitiator    : HHH000026: Second-level cache disabled
2025-12-07T19:06:45.246+05:30  INFO 452093 --- [admin-service] [           main] o.s.o.j.p.SpringPersistenceUnitInfo      : No LoadTimeWeaver setup: ignoring JPA class transformer
2025-12-07T19:06:45.278+05:30  INFO 452093 --- [admin-service] [           main] com.zaxxer.hikari.HikariDataSource       : HikariPool-1 - Starting...
2025-12-07T19:06:45.464+05:30  INFO 452093 --- [admin-service] [           main] com.zaxxer.hikari.pool.HikariPool        : HikariPool-1 - Added connection com.mysql.cj.jdbc.ConnectionImpl@4c2c44e8
2025-12-07T19:06:45.466+05:30  INFO 452093 --- [admin-service] [           main] com.zaxxer.hikari.HikariDataSource       : HikariPool-1 - Start completed.
2025-12-07T19:06:45.526+05:30  WARN 452093 --- [admin-service] [           main] org.hibernate.orm.deprecation            : HHH90000025: MySQLDialect does not need to be specified explicitly using 'hibernate.dialect' (remove the property setting and it will be selected by default)
2025-12-07T19:06:45.545+05:30  INFO 452093 --- [admin-service] [           main] org.hibernate.orm.connections.pooling    : HHH10001005: Database info:
	Database JDBC URL [Connecting through datasource 'HikariDataSource (HikariPool-1)']
	Database driver: undefined/unknown
	Database version: 8.0.44
	Autocommit mode: undefined/unknown
	Isolation level: undefined/unknown
	Minimum pool size: undefined/unknown
	Maximum pool size: undefined/unknown
2025-12-07T19:06:46.150+05:30  INFO 452093 --- [admin-service] [           main] o.h.e.t.j.p.i.JtaPlatformInitiator       : HHH000489: No JTA platform available (set 'hibernate.transaction.jta.platform' to enable JTA platform integration)
2025-12-07T19:06:46.153+05:30  INFO 452093 --- [admin-service] [           main] j.LocalContainerEntityManagerFactoryBean : Initialized JPA EntityManagerFactory for persistence unit 'default'
2025-12-07T19:06:46.340+05:30  WARN 452093 --- [admin-service] [           main] JpaBaseConfiguration$JpaWebConfiguration : spring.jpa.open-in-view is enabled by default. Therefore, database queries may be performed during view rendering. Explicitly configure spring.jpa.open-in-view to disable this warning
2025-12-07T19:06:46.697+05:30  INFO 452093 --- [admin-service] [           main] o.s.b.w.embedded.tomcat.TomcatWebServer  : Tomcat started on port 8085 (http) with context path '/'
2025-12-07T19:06:46.707+05:30  INFO 452093 --- [admin-service] [           main] com.example.admin.AdminApplication       : Started AdminApplication in 3.22 seconds (process running for 3.371)
