> Task :compileJava UP-TO-DATE
> Task :processResources UP-TO-DATE
> Task :classes UP-TO-DATE
> Task :resolveMainClassName UP-TO-DATE

> Task :bootRun

  .   ____          _            __ _ _
 /\\ / ___'_ __ _ _(_)_ __  __ _ \ \ \ \
( ( )\___ | '_ | '_| | '_ \/ _` | \ \ \ \
 \\/  ___)| |_)| | | | | || (_| |  ) ) ) )
  '  |____| .__|_| |_|_| |_\__, | / / / /
 =========|_|==============|___/=/_/_/_/

 :: Spring Boot ::                (v3.5.7)

2025-12-07T21:12:44.452+05:30  INFO 515551 --- [api-gateway] [           main] c.e.ApiGateway.ApiGatewayApplication     : Starting ApiGatewayApplication using Java 21.0.9 with PID 515551 (/mnt/newstorage/IIITB/5th semester/SE/Final Project/OnCampus-Deals/backend/ApiGateway/build/classes/java/main started by krish in /mnt/newstorage/IIITB/5th semester/SE/Final Project/OnCampus-Deals/backend/ApiGateway)
2025-12-07T21:12:44.454+05:30  INFO 515551 --- [api-gateway] [           main] c.e.ApiGateway.ApiGatewayApplication     : No active profile set, falling back to 1 default profile: "default"
2025-12-07T21:12:45.274+05:30  INFO 515551 --- [api-gateway] [           main] o.s.cloud.context.scope.GenericScope     : BeanFactory id=5fb0860d-d224-32e9-a07c-f52e5a818a48
2025-12-07T21:12:45.657+05:30  INFO 515551 --- [api-gateway] [           main] ctiveUserDetailsServiceAutoConfiguration : 

Using generated security password: f7cd7a7e-d137-411a-9d0f-79975ed6709b

2025-12-07T21:12:45.792+05:30  WARN 515551 --- [api-gateway] [           main] GatewayClassPathWarningAutoConfiguration : 

**********************************************************

The artifact spring-cloud-gateway-server is deprecated. It will be removed in the next major release. Please add spring-cloud-gateway-server-webflux dependency.

**********************************************************


2025-12-07T21:12:46.077+05:30  INFO 515551 --- [api-gateway] [           main] o.s.c.g.r.RouteDefinitionRouteLocator    : Loaded RoutePredicateFactory [After]
2025-12-07T21:12:46.078+05:30  INFO 515551 --- [api-gateway] [           main] o.s.c.g.r.RouteDefinitionRouteLocator    : Loaded RoutePredicateFactory [Before]
2025-12-07T21:12:46.078+05:30  INFO 515551 --- [api-gateway] [           main] o.s.c.g.r.RouteDefinitionRouteLocator    : Loaded RoutePredicateFactory [Between]
2025-12-07T21:12:46.078+05:30  INFO 515551 --- [api-gateway] [           main] o.s.c.g.r.RouteDefinitionRouteLocator    : Loaded RoutePredicateFactory [Cookie]
2025-12-07T21:12:46.078+05:30  INFO 515551 --- [api-gateway] [           main] o.s.c.g.r.RouteDefinitionRouteLocator    : Loaded RoutePredicateFactory [Header]
2025-12-07T21:12:46.078+05:30  INFO 515551 --- [api-gateway] [           main] o.s.c.g.r.RouteDefinitionRouteLocator    : Loaded RoutePredicateFactory [Host]
2025-12-07T21:12:46.078+05:30  INFO 515551 --- [api-gateway] [           main] o.s.c.g.r.RouteDefinitionRouteLocator    : Loaded RoutePredicateFactory [Method]
2025-12-07T21:12:46.078+05:30  INFO 515551 --- [api-gateway] [           main] o.s.c.g.r.RouteDefinitionRouteLocator    : Loaded RoutePredicateFactory [Path]
2025-12-07T21:12:46.078+05:30  INFO 515551 --- [api-gateway] [           main] o.s.c.g.r.RouteDefinitionRouteLocator    : Loaded RoutePredicateFactory [Query]
2025-12-07T21:12:46.078+05:30  INFO 515551 --- [api-gateway] [           main] o.s.c.g.r.RouteDefinitionRouteLocator    : Loaded RoutePredicateFactory [ReadBody]
2025-12-07T21:12:46.078+05:30  INFO 515551 --- [api-gateway] [           main] o.s.c.g.r.RouteDefinitionRouteLocator    : Loaded RoutePredicateFactory [RemoteAddr]
2025-12-07T21:12:46.078+05:30  INFO 515551 --- [api-gateway] [           main] o.s.c.g.r.RouteDefinitionRouteLocator    : Loaded RoutePredicateFactory [XForwardedRemoteAddr]
2025-12-07T21:12:46.078+05:30  INFO 515551 --- [api-gateway] [           main] o.s.c.g.r.RouteDefinitionRouteLocator    : Loaded RoutePredicateFactory [Weight]
2025-12-07T21:12:46.078+05:30  INFO 515551 --- [api-gateway] [           main] o.s.c.g.r.RouteDefinitionRouteLocator    : Loaded RoutePredicateFactory [CloudFoundryRouteService]
2025-12-07T21:12:46.275+05:30  WARN 515551 --- [api-gateway] [           main] s.w.s.StarterDeprecatedAutoConfiguration : 

**********************************************************

spring-cloud-starter-gateway is deprecated. It will be removed in the next major release. Please use spring-cloud-starter-gateway-server-webflux instead.

**********************************************************


2025-12-07T21:12:46.375+05:30  INFO 515551 --- [api-gateway] [           main] o.s.b.web.embedded.netty.NettyWebServer  : Netty started on port 8080 (http)
2025-12-07T21:12:46.472+05:30  INFO 515551 --- [api-gateway] [           main] c.e.ApiGateway.ApiGatewayApplication     : Started ApiGatewayApplication in 2.436 seconds (process running for 2.725)
2025-12-07T21:12:46.477+05:30  WARN 515551 --- [api-gateway] [           main] ServerWebfluxPropertiesMigrationListener : 
The use of configuration keys that have been renamed was found in the environment:

Property source 'Config resource 'class path resource [application.properties]' via location 'optional:classpath:/'':
	Key: spring.cloud.gateway.routes[0].id
		Line: 10
		Replacement: spring.cloud.gateway.server.webflux.routes[0].id
	Key: spring.cloud.gateway.routes[0].uri
		Line: 11
		Replacement: spring.cloud.gateway.server.webflux.routes[0].uri
	Key: spring.cloud.gateway.routes[0].predicates[0]
		Line: 12
		Replacement: spring.cloud.gateway.server.webflux.routes[0].predicates[0]
	Key: spring.cloud.gateway.routes[0].filters[0]
		Line: 13
		Replacement: spring.cloud.gateway.server.webflux.routes[0].filters[0]
	Key: spring.cloud.gateway.routes[1].id
		Line: 16
		Replacement: spring.cloud.gateway.server.webflux.routes[1].id
	Key: spring.cloud.gateway.routes[1].uri
		Line: 17
		Replacement: spring.cloud.gateway.server.webflux.routes[1].uri
	Key: spring.cloud.gateway.routes[1].predicates[0]
		Line: 18
		Replacement: spring.cloud.gateway.server.webflux.routes[1].predicates[0]
	Key: spring.cloud.gateway.routes[1].filters[0]
		Line: 19
		Replacement: spring.cloud.gateway.server.webflux.routes[1].filters[0]
	Key: spring.cloud.gateway.routes[1].filters[1]
		Line: 20
		Replacement: spring.cloud.gateway.server.webflux.routes[1].filters[1]
	Key: spring.cloud.gateway.routes[2].id
		Line: 23
		Replacement: spring.cloud.gateway.server.webflux.routes[2].id
	Key: spring.cloud.gateway.routes[2].uri
		Line: 24
		Replacement: spring.cloud.gateway.server.webflux.routes[2].uri
	Key: spring.cloud.gateway.routes[2].predicates[0]
		Line: 25
		Replacement: spring.cloud.gateway.server.webflux.routes[2].predicates[0]
	Key: spring.cloud.gateway.routes[2].filters[0]
		Line: 26
		Replacement: spring.cloud.gateway.server.webflux.routes[2].filters[0]
	Key: spring.cloud.gateway.routes[2].filters[1]
		Line: 27
		Replacement: spring.cloud.gateway.server.webflux.routes[2].filters[1]
	Key: spring.cloud.gateway.routes[3].id
		Line: 30
		Replacement: spring.cloud.gateway.server.webflux.routes[3].id
	Key: spring.cloud.gateway.routes[3].uri
		Line: 31
		Replacement: spring.cloud.gateway.server.webflux.routes[3].uri
	Key: spring.cloud.gateway.routes[3].predicates[0]
		Line: 32
		Replacement: spring.cloud.gateway.server.webflux.routes[3].predicates[0]
	Key: spring.cloud.gateway.routes[3].filters[0]
		Line: 33
		Replacement: spring.cloud.gateway.server.webflux.routes[3].filters[0]
	Key: spring.cloud.gateway.routes[3].filters[1]
		Line: 34
		Replacement: spring.cloud.gateway.server.webflux.routes[3].filters[1]
	Key: spring.cloud.gateway.routes[4].id
		Line: 37
		Replacement: spring.cloud.gateway.server.webflux.routes[4].id
	Key: spring.cloud.gateway.routes[4].uri
		Line: 38
		Replacement: spring.cloud.gateway.server.webflux.routes[4].uri
	Key: spring.cloud.gateway.routes[4].predicates[0]
		Line: 39
		Replacement: spring.cloud.gateway.server.webflux.routes[4].predicates[0]
	Key: spring.cloud.gateway.routes[4].filters[0]
		Line: 40
		Replacement: spring.cloud.gateway.server.webflux.routes[4].filters[0]
	Key: spring.cloud.gateway.routes[4].filters[1]
		Line: 41
		Replacement: spring.cloud.gateway.server.webflux.routes[4].filters[1]


Each configuration key has been temporarily mapped to its replacement for your convenience. To silence this warning, please update your configuration to use the new keys.

2025-12-07T21:12:46.480+05:30  WARN 515551 --- [api-gateway] [           main] o.s.b.c.p.m.PropertiesMigrationListener  : 
The use of configuration keys that have been renamed was found in the environment:

Property source 'Config resource 'class path resource [application.properties]' via location 'optional:classpath:/'':
	Key: spring.cloud.gateway.globalcors.corsconfigurations[/**].allowedorigins
		Line: 46
		Replacement: spring.cloud.gateway.server.webflux.globalcors.cors-configurations[/**].allowedorigins
	Key: spring.cloud.gateway.globalcors.corsconfigurations[/**].allowedmethods
		Line: 47
		Replacement: spring.cloud.gateway.server.webflux.globalcors.cors-configurations[/**].allowedmethods
	Key: spring.cloud.gateway.globalcors.corsconfigurations[/**].allowedheaders
		Line: 48
		Replacement: spring.cloud.gateway.server.webflux.globalcors.cors-configurations[/**].allowedheaders


Each configuration key has been temporarily mapped to its replacement for your convenience. To silence this warning, please update your configuration to use the new keys.

