Starting a Gradle Daemon, 13 busy and 10 stopped Daemons could not be reused, use --status for details
> Task :compileJava UP-TO-DATE
> Task :processResources UP-TO-DATE
> Task :classes UP-TO-DATE
> Task :resolveMainClassName UP-TO-DATE

> Task :bootRun

  .   ____          _            __ _ _
 /\\ / ___'_ __ _ _(_)_ __  __ _ \ \ \ \
( ( )\___ | '_ | '_| | '_ \/ _` | \ \ \ \
 \\/  ___)| |_)| | | | | || (_| |  ) ) ) )
  '  |____| .__|_| |_|_| |_\__, | / / / /
 =========|_|==============|___/=/_/_/_/

 :: Spring Boot ::                (v3.5.7)

2025-12-07T20:05:34.887+05:30  INFO 470538 --- [identity-service] [  restartedMain] c.example.identity.IdentityApplication   : Starting IdentityApplication using Java 21.0.9 with PID 470538 (/mnt/newstorage/IIITB/5th semester/SE/Final Project/OnCampus-Deals/backend/identity/build/classes/java/main started by krish in /mnt/newstorage/IIITB/5th semester/SE/Final Project/OnCampus-Deals/backend/identity)
2025-12-07T20:05:34.890+05:30  INFO 470538 --- [identity-service] [  restartedMain] c.example.identity.IdentityApplication   : No active profile set, falling back to 1 default profile: "default"
2025-12-07T20:05:34.935+05:30  INFO 470538 --- [identity-service] [  restartedMain] .e.DevToolsPropertyDefaultsPostProcessor : Devtools property defaults active! Set 'spring.devtools.add-properties' to 'false' to disable
2025-12-07T20:05:34.936+05:30  INFO 470538 --- [identity-service] [  restartedMain] .e.DevToolsPropertyDefaultsPostProcessor : For additional web related logging consider setting the 'logging.level.web' property to 'DEBUG'
2025-12-07T20:05:35.556+05:30  INFO 470538 --- [identity-service] [  restartedMain] .s.d.r.c.RepositoryConfigurationDelegate : Bootstrapping Spring Data JPA repositories in DEFAULT mode.
2025-12-07T20:05:35.597+05:30  INFO 470538 --- [identity-service] [  restartedMain] .s.d.r.c.RepositoryConfigurationDelegate : Finished Spring Data repository scanning in 34 ms. Found 1 JPA repository interface.
2025-12-07T20:05:36.035+05:30  INFO 470538 --- [identity-service] [  restartedMain] o.s.b.w.embedded.tomcat.TomcatWebServer  : Tomcat initialized with port 8081 (http)
2025-12-07T20:05:36.047+05:30  INFO 470538 --- [identity-service] [  restartedMain] o.apache.catalina.core.StandardService   : Starting service [Tomcat]
2025-12-07T20:05:36.047+05:30  INFO 470538 --- [identity-service] [  restartedMain] o.apache.catalina.core.StandardEngine    : Starting Servlet engine: [Apache Tomcat/10.1.48]
2025-12-07T20:05:36.082+05:30  INFO 470538 --- [identity-service] [  restartedMain] o.a.c.c.C.[Tomcat].[localhost].[/]       : Initializing Spring embedded WebApplicationContext
2025-12-07T20:05:36.083+05:30  INFO 470538 --- [identity-service] [  restartedMain] w.s.c.ServletWebServerApplicationContext : Root WebApplicationContext: initialization completed in 1146 ms
2025-12-07T20:05:36.237+05:30  INFO 470538 --- [identity-service] [  restartedMain] o.hibernate.jpa.internal.util.LogHelper  : HHH000204: Processing PersistenceUnitInfo [name: default]
2025-12-07T20:05:36.267+05:30  INFO 470538 --- [identity-service] [  restartedMain] org.hibernate.Version                    : HHH000412: Hibernate ORM core version 6.6.33.Final
2025-12-07T20:05:36.288+05:30  INFO 470538 --- [identity-service] [  restartedMain] o.h.c.internal.RegionFactoryInitiator    : HHH000026: Second-level cache disabled
2025-12-07T20:05:36.614+05:30  INFO 470538 --- [identity-service] [  restartedMain] o.s.o.j.p.SpringPersistenceUnitInfo      : No LoadTimeWeaver setup: ignoring JPA class transformer
2025-12-07T20:05:36.646+05:30  INFO 470538 --- [identity-service] [  restartedMain] com.zaxxer.hikari.HikariDataSource       : HikariPool-1 - Starting...
2025-12-07T20:05:36.863+05:30  INFO 470538 --- [identity-service] [  restartedMain] com.zaxxer.hikari.pool.HikariPool        : HikariPool-1 - Added connection com.mysql.cj.jdbc.ConnectionImpl@5eb8a78f
2025-12-07T20:05:36.866+05:30  INFO 470538 --- [identity-service] [  restartedMain] com.zaxxer.hikari.HikariDataSource       : HikariPool-1 - Start completed.
2025-12-07T20:05:36.924+05:30  WARN 470538 --- [identity-service] [  restartedMain] org.hibernate.orm.deprecation            : HHH90000025: MySQL8Dialect does not need to be specified explicitly using 'hibernate.dialect' (remove the property setting and it will be selected by default)
2025-12-07T20:05:36.926+05:30  WARN 470538 --- [identity-service] [  restartedMain] org.hibernate.orm.deprecation            : HHH90000026: MySQL8Dialect has been deprecated; use org.hibernate.dialect.MySQLDialect instead
2025-12-07T20:05:36.954+05:30  INFO 470538 --- [identity-service] [  restartedMain] org.hibernate.orm.connections.pooling    : HHH10001005: Database info:
	Database JDBC URL [Connecting through datasource 'HikariDataSource (HikariPool-1)']
	Database driver: undefined/unknown
	Database version: 8.0
	Autocommit mode: undefined/unknown
	Isolation level: undefined/unknown
	Minimum pool size: undefined/unknown
	Maximum pool size: undefined/unknown
2025-12-07T20:05:37.740+05:30  INFO 470538 --- [identity-service] [  restartedMain] o.h.e.t.j.p.i.JtaPlatformInitiator       : HHH000489: No JTA platform available (set 'hibernate.transaction.jta.platform' to enable JTA platform integration)
2025-12-07T20:05:37.796+05:30  INFO 470538 --- [identity-service] [  restartedMain] j.LocalContainerEntityManagerFactoryBean : Initialized JPA EntityManagerFactory for persistence unit 'default'
2025-12-07T20:05:38.215+05:30  WARN 470538 --- [identity-service] [  restartedMain] JpaBaseConfiguration$JpaWebConfiguration : spring.jpa.open-in-view is enabled by default. Therefore, database queries may be performed during view rendering. Explicitly configure spring.jpa.open-in-view to disable this warning
2025-12-07T20:05:38.464+05:30  WARN 470538 --- [identity-service] [  restartedMain] .s.s.UserDetailsServiceAutoConfiguration : 

Using generated security password: c10f47e9-3aea-4dd0-a5d5-d3dcb3f19e3a

This generated password is for development use only. Your security configuration must be updated before running your application in production.

2025-12-07T20:05:38.471+05:30  INFO 470538 --- [identity-service] [  restartedMain] r$InitializeUserDetailsManagerConfigurer : Global AuthenticationManager configured with UserDetailsService bean with name inMemoryUserDetailsManager
2025-12-07T20:05:38.813+05:30  INFO 470538 --- [identity-service] [  restartedMain] o.s.b.d.a.OptionalLiveReloadServer       : LiveReload server is running on port 35729
2025-12-07T20:05:38.849+05:30  INFO 470538 --- [identity-service] [  restartedMain] o.s.b.w.embedded.tomcat.TomcatWebServer  : Tomcat started on port 8081 (http) with context path '/'
2025-12-07T20:05:38.859+05:30  INFO 470538 --- [identity-service] [  restartedMain] c.example.identity.IdentityApplication   : Started IdentityApplication in 4.479 seconds (process running for 4.782)
2025-12-07T20:07:38.053+05:30  INFO 470538 --- [identity-service] [nio-8081-exec-1] o.a.c.c.C.[Tomcat].[localhost].[/]       : Initializing Spring DispatcherServlet 'dispatcherServlet'
2025-12-07T20:07:38.053+05:30  INFO 470538 --- [identity-service] [nio-8081-exec-1] o.s.web.servlet.DispatcherServlet        : Initializing Servlet 'dispatcherServlet'
2025-12-07T20:07:38.054+05:30  INFO 470538 --- [identity-service] [nio-8081-exec-1] o.s.web.servlet.DispatcherServlet        : Completed initialization in 1 ms
Hibernate: select u1_0.id,u1_0.created_at,u1_0.email,u1_0.graduation_year,u1_0.name,u1_0.password_hash,u1_0.role from users u1_0 where u1_0.email=?
