> Task :compileJava UP-TO-DATE
> Task :processResources UP-TO-DATE
> Task :classes UP-TO-DATE
> Task :resolveMainClassName UP-TO-DATE

> Task :bootRun
Standard Commons Logging discovery in action with spring-jcl: please remove commons-logging.jar from classpath in order to avoid potential conflicts

  .   ____          _            __ _ _
 /\\ / ___'_ __ _ _(_)_ __  __ _ \ \ \ \
( ( )\___ | '_ | '_| | '_ \/ _` | \ \ \ \
 \\/  ___)| |_)| | | | | || (_| |  ) ) ) )
  '  |____| .__|_| |_|_| |_\__, | / / / /
 =========|_|==============|___/=/_/_/_/

 :: Spring Boot ::                (v3.5.7)

2025-12-07T21:12:49.872+05:30  INFO 516472 --- [listing-service] [           main] com.example.listing.ListingApplication   : Starting ListingApplication using Java 21.0.9 with PID 516472 (/mnt/newstorage/IIITB/5th semester/SE/Final Project/OnCampus-Deals/backend/Listing/build/classes/java/main started by krish in /mnt/newstorage/IIITB/5th semester/SE/Final Project/OnCampus-Deals/backend/Listing)
2025-12-07T21:12:49.874+05:30  INFO 516472 --- [listing-service] [           main] com.example.listing.ListingApplication   : No active profile set, falling back to 1 default profile: "default"
2025-12-07T21:12:50.375+05:30  INFO 516472 --- [listing-service] [           main] .s.d.r.c.RepositoryConfigurationDelegate : Bootstrapping Spring Data JPA repositories in DEFAULT mode.
2025-12-07T21:12:50.420+05:30  INFO 516472 --- [listing-service] [           main] .s.d.r.c.RepositoryConfigurationDelegate : Finished Spring Data repository scanning in 40 ms. Found 2 JPA repository interfaces.
2025-12-07T21:12:50.878+05:30  INFO 516472 --- [listing-service] [           main] o.s.b.w.embedded.tomcat.TomcatWebServer  : Tomcat initialized with port 8082 (http)
2025-12-07T21:12:50.892+05:30  INFO 516472 --- [listing-service] [           main] o.apache.catalina.core.StandardService   : Starting service [Tomcat]
2025-12-07T21:12:50.892+05:30  INFO 516472 --- [listing-service] [           main] o.apache.catalina.core.StandardEngine    : Starting Servlet engine: [Apache Tomcat/10.1.48]
2025-12-07T21:12:50.936+05:30  INFO 516472 --- [listing-service] [           main] o.a.c.c.C.[Tomcat].[localhost].[/]       : Initializing Spring embedded WebApplicationContext
2025-12-07T21:12:50.938+05:30  INFO 516472 --- [listing-service] [           main] w.s.c.ServletWebServerApplicationContext : Root WebApplicationContext: initialization completed in 1025 ms
Standard Commons Logging discovery in action with spring-jcl: please remove commons-logging.jar from classpath in order to avoid potential conflicts
2025-12-07T21:12:51.065+05:30  INFO 516472 --- [listing-service] [           main] o.hibernate.jpa.internal.util.LogHelper  : HHH000204: Processing PersistenceUnitInfo [name: default]
2025-12-07T21:12:51.089+05:30  INFO 516472 --- [listing-service] [           main] org.hibernate.Version                    : HHH000412: Hibernate ORM core version 6.6.33.Final
2025-12-07T21:12:51.107+05:30  INFO 516472 --- [listing-service] [           main] o.h.c.internal.RegionFactoryInitiator    : HHH000026: Second-level cache disabled
2025-12-07T21:12:51.278+05:30  INFO 516472 --- [listing-service] [           main] o.s.o.j.p.SpringPersistenceUnitInfo      : No LoadTimeWeaver setup: ignoring JPA class transformer
2025-12-07T21:12:51.298+05:30  INFO 516472 --- [listing-service] [           main] com.zaxxer.hikari.HikariDataSource       : HikariPool-1 - Starting...
2025-12-07T21:12:51.412+05:30  INFO 516472 --- [listing-service] [           main] com.zaxxer.hikari.pool.HikariPool        : HikariPool-1 - Added connection com.mysql.cj.jdbc.ConnectionImpl@2c16677c
2025-12-07T21:12:51.413+05:30  INFO 516472 --- [listing-service] [           main] com.zaxxer.hikari.HikariDataSource       : HikariPool-1 - Start completed.
2025-12-07T21:12:51.448+05:30  WARN 516472 --- [listing-service] [           main] org.hibernate.orm.deprecation            : HHH90000025: MySQL8Dialect does not need to be specified explicitly using 'hibernate.dialect' (remove the property setting and it will be selected by default)
2025-12-07T21:12:51.448+05:30  WARN 516472 --- [listing-service] [           main] org.hibernate.orm.deprecation            : HHH90000026: MySQL8Dialect has been deprecated; use org.hibernate.dialect.MySQLDialect instead
2025-12-07T21:12:51.464+05:30  INFO 516472 --- [listing-service] [           main] org.hibernate.orm.connections.pooling    : HHH10001005: Database info:
	Database JDBC URL [Connecting through datasource 'HikariDataSource (HikariPool-1)']
	Database driver: undefined/unknown
	Database version: 8.0
	Autocommit mode: undefined/unknown
	Isolation level: undefined/unknown
	Minimum pool size: undefined/unknown
	Maximum pool size: undefined/unknown
2025-12-07T21:12:52.019+05:30  INFO 516472 --- [listing-service] [           main] o.h.e.t.j.p.i.JtaPlatformInitiator       : HHH000489: No JTA platform available (set 'hibernate.transaction.jta.platform' to enable JTA platform integration)
Hibernate: 
    alter table listings 
       modify column status enum ('ACTIVE','SOLD','UNAVAILABLE') not null
2025-12-07T21:12:52.098+05:30  INFO 516472 --- [listing-service] [           main] j.LocalContainerEntityManagerFactoryBean : Initialized JPA EntityManagerFactory for persistence unit 'default'
2025-12-07T21:12:52.352+05:30  WARN 516472 --- [listing-service] [           main] JpaBaseConfiguration$JpaWebConfiguration : spring.jpa.open-in-view is enabled by default. Therefore, database queries may be performed during view rendering. Explicitly configure spring.jpa.open-in-view to disable this warning
2025-12-07T21:12:52.566+05:30  INFO 516472 --- [listing-service] [           main] o.s.b.w.embedded.tomcat.TomcatWebServer  : Tomcat started on port 8082 (http) with context path '/'
2025-12-07T21:12:52.571+05:30  INFO 516472 --- [listing-service] [           main] com.example.listing.ListingApplication   : Started ListingApplication in 3.04 seconds (process running for 3.339)
2025-12-07T21:13:46.364+05:30  INFO 516472 --- [listing-service] [nio-8082-exec-1] o.a.c.c.C.[Tomcat].[localhost].[/]       : Initializing Spring DispatcherServlet 'dispatcherServlet'
2025-12-07T21:13:46.364+05:30  INFO 516472 --- [listing-service] [nio-8082-exec-1] o.s.web.servlet.DispatcherServlet        : Initializing Servlet 'dispatcherServlet'
2025-12-07T21:13:46.365+05:30  INFO 516472 --- [listing-service] [nio-8082-exec-1] o.s.web.servlet.DispatcherServlet        : Completed initialization in 1 ms
Hibernate: 
    select
        l1_0.id,
        l1_0.category,
        l1_0.created_at,
        l1_0.description,
        l1_0.price,
        l1_0.seller_id,
        l1_0.status,
        l1_0.title,
        l1_0.updated_at 
    from
        listings l1_0 
    where
        l1_0.status=?
Hibernate: 
    select
        i1_0.listing_id,
        i1_0.id,
        i1_0.image_url 
    from
        listing_images i1_0 
    where
        i1_0.listing_id=?
2025-12-07T21:14:10.710+05:30  INFO 516472 --- [listing-service] [nio-8082-exec-2] c.e.l.controllers.ListingController      : CreateListing called: sellerId=3e4489d2-7f68-40a3-98f5-16e50ac9e3d7, title=Btb5, imageCount=2
Hibernate: 
    select
        l1_0.id,
        l1_0.category,
        l1_0.created_at,
        l1_0.description,
        l1_0.price,
        l1_0.seller_id,
        l1_0.status,
        l1_0.title,
        l1_0.updated_at,
        i1_0.listing_id,
        i1_0.id,
        i1_0.image_url 
    from
        listings l1_0 
    left join
        listing_images i1_0 
            on l1_0.id=i1_0.listing_id 
    where
        l1_0.id=?
2025-12-07T21:14:12.313+05:30  INFO 516472 --- [listing-service] [nio-8082-exec-3] c.e.l.controllers.ListingController      : CreateListing called: sellerId=3e4489d2-7f68-40a3-98f5-16e50ac9e3d7, title=Btb5, imageCount=2
Hibernate: 
    select
        l1_0.id,
        l1_0.category,
        l1_0.created_at,
        l1_0.description,
        l1_0.price,
        l1_0.seller_id,
        l1_0.status,
        l1_0.title,
        l1_0.updated_at,
        i1_0.listing_id,
        i1_0.id,
        i1_0.image_url 
    from
        listings l1_0 
    left join
        listing_images i1_0 
            on l1_0.id=i1_0.listing_id 
    where
        l1_0.id=?
Hibernate: 
    select
        li1_0.id,
        li1_0.image_url,
        li1_0.listing_id,
        l1_0.id,
        l1_0.category,
        l1_0.created_at,
        l1_0.description,
        l1_0.price,
        l1_0.seller_id,
        l1_0.status,
        l1_0.title,
        l1_0.updated_at 
    from
        listing_images li1_0 
    join
        listings l1_0 
            on l1_0.id=li1_0.listing_id 
    where
        li1_0.id=?
Hibernate: 
    select
        li1_0.id,
        li1_0.image_url,
        li1_0.listing_id,
        l1_0.id,
        l1_0.category,
        l1_0.created_at,
        l1_0.description,
        l1_0.price,
        l1_0.seller_id,
        l1_0.status,
        l1_0.title,
        l1_0.updated_at 
    from
        listing_images li1_0 
    join
        listings l1_0 
            on l1_0.id=li1_0.listing_id 
    where
        li1_0.id=?
Hibernate: 
    insert 
    into
        listings
        (category, created_at, description, price, seller_id, status, title, updated_at, id) 
    values
        (?, ?, ?, ?, ?, ?, ?, ?, ?)
Hibernate: 
    insert 
    into
        listing_images
        (image_url, listing_id, id) 
    values
        (?, ?, ?)
Hibernate: 
    insert 
    into
        listing_images
        (image_url, listing_id, id) 
    values
        (?, ?, ?)
Hibernate: 
    select
        li1_0.id,
        li1_0.image_url,
        li1_0.listing_id,
        l1_0.id,
        l1_0.category,
        l1_0.created_at,
        l1_0.description,
        l1_0.price,
        l1_0.seller_id,
        l1_0.status,
        l1_0.title,
        l1_0.updated_at 
    from
        listing_images li1_0 
    join
        listings l1_0 
            on l1_0.id=li1_0.listing_id 
    where
        li1_0.id=?
Hibernate: 
    select
        li1_0.id,
        li1_0.image_url,
        li1_0.listing_id,
        l1_0.id,
        l1_0.category,
        l1_0.created_at,
        l1_0.description,
        l1_0.price,
        l1_0.seller_id,
        l1_0.status,
        l1_0.title,
        l1_0.updated_at 
    from
        listing_images li1_0 
    join
        listings l1_0 
            on l1_0.id=li1_0.listing_id 
    where
        li1_0.id=?
Hibernate: 
    insert 
    into
        listings
        (category, created_at, description, price, seller_id, status, title, updated_at, id) 
    values
        (?, ?, ?, ?, ?, ?, ?, ?, ?)
Hibernate: 
    insert 
    into
        listing_images
        (image_url, listing_id, id) 
    values
        (?, ?, ?)
Hibernate: 
    insert 
    into
        listing_images
        (image_url, listing_id, id) 
    values
        (?, ?, ?)
Hibernate: 
    select
        l1_0.id,
        l1_0.category,
        l1_0.created_at,
        l1_0.description,
        l1_0.price,
        l1_0.seller_id,
        l1_0.status,
        l1_0.title,
        l1_0.updated_at 
    from
        listings l1_0 
    where
        l1_0.status=?
Hibernate: 
    select
        i1_0.listing_id,
        i1_0.id,
        i1_0.image_url 
    from
        listing_images i1_0 
    where
        i1_0.listing_id=?
Hibernate: 
    select
        i1_0.listing_id,
        i1_0.id,
        i1_0.image_url 
    from
        listing_images i1_0 
    where
        i1_0.listing_id=?
Hibernate: 
    select
        i1_0.listing_id,
        i1_0.id,
        i1_0.image_url 
    from
        listing_images i1_0 
    where
        i1_0.listing_id=?
Hibernate: 
    select
        l1_0.id,
        l1_0.category,
        l1_0.created_at,
        l1_0.description,
        l1_0.price,
        l1_0.seller_id,
        l1_0.status,
        l1_0.title,
        l1_0.updated_at 
    from
        listings l1_0 
    where
        l1_0.id=?
Hibernate: 
    select
        li1_0.id,
        li1_0.image_url,
        li1_0.listing_id 
    from
        listing_images li1_0 
    left join
        listings l1_0 
            on l1_0.id=li1_0.listing_id 
    where
        l1_0.id=?
Hibernate: 
    select
        i1_0.listing_id,
        i1_0.id,
        i1_0.image_url 
    from
        listing_images i1_0 
    where
        i1_0.listing_id=?
2025-12-07T21:15:32.597+05:30  WARN 516472 --- [listing-service] [nio-8082-exec-8] .w.s.m.s.DefaultHandlerExceptionResolver : Resolved [org.springframework.web.HttpRequestMethodNotSupportedException: Request method 'GET' is not supported]
